-------------------------------------------------------------------------------
Test set: id.jampirojam.springboot.TestObjectFactory
-------------------------------------------------------------------------------
Tests run: 1, Failures: 0, Errors: 1, Skipped: 0, Time elapsed: 1.682 s <<< FAILURE! - in id.jampirojam.springboot.TestObjectFactory
testCreateProduct  Time elapsed: 0 s  <<< ERROR!
java.lang.IllegalStateException: Failed to load ApplicationContext
Caused by: org.springframework.beans.factory.BeanCreationException: Error creating bean with name 'springSecurityFilterChain' defined in class path resource [org/springframework/security/config/annotation/web/configuration/WebSecurityConfiguration.class]: Bean instantiation via factory method failed; nested exception is org.springframework.beans.BeanInstantiationException: Failed to instantiate [javax.servlet.Filter]: Factory method 'springSecurityFilterChain' threw exception; nested exception is java.lang.IllegalStateException: Found WebSecurityConfigurerAdapter as well as SecurityFilterChain. Please select just one.
Caused by: org.springframework.beans.BeanInstantiationException: Failed to instantiate [javax.servlet.Filter]: Factory method 'springSecurityFilterChain' threw exception; nested exception is java.lang.IllegalStateException: Found WebSecurityConfigurerAdapter as well as SecurityFilterChain. Please select just one.
Caused by: java.lang.IllegalStateException: Found WebSecurityConfigurerAdapter as well as SecurityFilterChain. Please select just one.

