<?xml version="1.0" encoding="UTF-8"?>
<testsuite xmlns:xsi="http://www.w3.org/2001/XMLSchema-instance" xsi:noNamespaceSchemaLocation="https://maven.apache.org/surefire/maven-surefire-plugin/xsd/surefire-test-report.xsd" name="ProductServiceTest" time="0.302" tests="5" errors="1" skipped="0" failures="1">
  <properties>
[...]
</properties>
  <testcase name="testFindAll" classname="id.jampirojam.springboot.ProductServiceTest" time="0.039"/>
  <testcase name="testProductByIdWithNullDataFromDB" classname="id.jampirojam.springboot.ProductServiceTest" time="0.007">
    <error message="Product not found for id :: -1197142914416422607" type="java.lang.RuntimeException">java.lang.RuntimeException: Product not found for id :: -1197142914416422607
	at id.jampirojam.springboot.ProductServiceTest.testProductByIdWithNullDataFromDB(ProductServiceTest.java:68)
</error>
  </testcase>
  <testcase name="testDeleteProduct" classname="id.jampirojam.springboot.ProductServiceTest" time="0.02">
    <failure message="&#10;Wanted but not invoked:&#10;productRepository.delete(&#10;    id.jampirojam.springboot.model.Product@8d7718e&#10;);&#10;-&gt; at id.jampirojam.springboot.ProductServiceTest.testDeleteProduct(ProductServiceTest.java:90)&#10;&#10;However, there was exactly 1 interaction with this mock:&#10;productRepository.deleteById(&#10;    -8841520090237185693L&#10;);&#10;-&gt; at id.jampirojam.springboot.service.impl.ProductServiceImpl.deleteApiById(ProductServiceImpl.java:86)&#10;&#10;" type="org.mockito.exceptions.verification.WantedButNotInvoked">org.mockito.exceptions.verification.WantedButNotInvoked: 

Wanted but not invoked:
productRepository.delete(
    id.jampirojam.springboot.model.Product@8d7718e
);
-> at id.jampirojam.springboot.ProductServiceTest.testDeleteProduct(ProductServiceTest.java:90)

However, there was exactly 1 interaction with this mock:
productRepository.deleteById(
    -8841520090237185693L
);
-> at id.jampirojam.springboot.service.impl.ProductServiceImpl.deleteApiById(ProductServiceImpl.java:86)


	at id.jampirojam.springboot.ProductServiceTest.testDeleteProduct(ProductServiceTest.java:90)
</failure>
  </testcase>
  <testcase name="testSaveUpdateProduct" classname="id.jampirojam.springboot.ProductServiceTest" time="0.009"/>
  <testcase name="testProductById" classname="id.jampirojam.springboot.ProductServiceTest" time="0.002"/>
</testsuite>